TN:
SF:src/app.ts
FN:20,(anonymous_1)
FN:25,(anonymous_2)
FNF:2
FNH:0
FNDA:0,(anonymous_1)
FNDA:0,(anonymous_2)
DA:1,0
DA:2,0
DA:3,0
DA:4,0
DA:5,0
DA:6,0
DA:7,0
DA:9,0
DA:11,0
DA:12,0
DA:13,0
DA:15,0
DA:16,0
DA:17,0
DA:18,0
DA:20,0
DA:21,0
DA:25,0
DA:26,0
DA:29,0
LF:20
LH:0
BRF:0
BRH:0
end_of_record
TN:
SF:src/controllers/auth.controller.ts
FN:8,(anonymous_1)
FN:29,(anonymous_2)
FNF:2
FNH:0
FNDA:0,(anonymous_1)
FNDA:0,(anonymous_2)
DA:2,0
DA:3,0
DA:8,0
DA:9,0
DA:11,0
DA:13,0
DA:14,0
DA:22,0
DA:29,0
DA:30,0
DA:32,0
DA:34,0
DA:35,0
DA:36,0
DA:39,0
DA:46,0
DA:47,0
DA:55,0
DA:59,0
LF:19
LH:0
BRDA:13,0,0,0
BRDA:13,0,1,0
BRDA:13,1,0,0
BRDA:13,1,1,0
BRDA:34,2,0,0
BRDA:46,3,0,0
BRDA:46,3,1,0
BRF:7
BRH:0
end_of_record
TN:
SF:src/controllers/project.controller.ts
FN:11,(anonymous_10)
FN:33,(anonymous_11)
FN:36,(anonymous_12)
FN:56,(anonymous_13)
FN:71,(anonymous_14)
FN:87,(anonymous_15)
FN:119,(anonymous_16)
FNF:7
FNH:0
FNDA:0,(anonymous_10)
FNDA:0,(anonymous_11)
FNDA:0,(anonymous_12)
FNDA:0,(anonymous_13)
FNDA:0,(anonymous_14)
FNDA:0,(anonymous_15)
FNDA:0,(anonymous_16)
DA:2,0
DA:11,0
DA:12,0
DA:13,0
DA:15,0
DA:24,0
DA:26,0
DA:33,0
DA:34,0
DA:36,0
DA:39,0
DA:42,0
DA:50,0
DA:55,0
DA:56,0
DA:57,0
DA:60,0
DA:61,0
DA:63,0
DA:64,0
DA:71,0
DA:72,0
DA:73,0
DA:74,0
DA:75,0
DA:77,0
DA:80,0
DA:87,0
DA:88,0
DA:89,0
DA:91,0
DA:92,0
DA:93,0
DA:97,0
DA:98,0
DA:99,0
DA:102,0
DA:103,0
DA:104,0
DA:105,0
DA:106,0
DA:108,0
DA:109,0
DA:111,0
DA:119,0
DA:120,0
DA:121,0
DA:123,0
DA:124,0
DA:125,0
DA:129,0
DA:130,0
DA:131,0
DA:134,0
DA:135,0
DA:137,0
DA:141,0
LF:57
LH:0
BRDA:74,0,0,0
BRDA:74,0,1,0
BRDA:91,1,0,0
BRDA:97,2,0,0
BRDA:102,3,0,0
BRDA:102,3,1,0
BRDA:103,4,0,0
BRDA:103,4,1,0
BRDA:104,5,0,0
BRDA:104,5,1,0
BRDA:105,6,0,0
BRDA:105,6,1,0
BRDA:106,7,0,0
BRDA:106,7,1,0
BRDA:123,8,0,0
BRDA:129,9,0,0
BRF:16
BRH:0
end_of_record
TN:
SF:src/controllers/task.controller.ts
FN:13,(anonymous_1)
FN:32,(anonymous_2)
FN:73,(anonymous_3)
FN:110,(anonymous_4)
FN:126,(anonymous_5)
FN:189,(anonymous_6)
FN:209,(anonymous_7)
FN:223,(anonymous_8)
FN:243,(anonymous_9)
FN:266,(anonymous_10)
FN:300,(anonymous_11)
FN:318,(anonymous_12)
FN:337,(anonymous_13)
FN:343,(anonymous_14)
FN:372,(anonymous_15)
FN:392,(anonymous_16)
FN:398,(anonymous_17)
FN:455,(anonymous_18)
FN:467,(anonymous_19)
FN:473,(anonymous_20)
FN:508,updateParentProgress
FN:519,(anonymous_22)
FN:528,(anonymous_23)
FN:543,(anonymous_24)
FN:585,(anonymous_25)
FN:629,(anonymous_26)
FNF:26
FNH:0
FNDA:0,(anonymous_1)
FNDA:0,(anonymous_2)
FNDA:0,(anonymous_3)
FNDA:0,(anonymous_4)
FNDA:0,(anonymous_5)
FNDA:0,(anonymous_6)
FNDA:0,(anonymous_7)
FNDA:0,(anonymous_8)
FNDA:0,(anonymous_9)
FNDA:0,(anonymous_10)
FNDA:0,(anonymous_11)
FNDA:0,(anonymous_12)
FNDA:0,(anonymous_13)
FNDA:0,(anonymous_14)
FNDA:0,(anonymous_15)
FNDA:0,(anonymous_16)
FNDA:0,(anonymous_17)
FNDA:0,(anonymous_18)
FNDA:0,(anonymous_19)
FNDA:0,(anonymous_20)
FNDA:0,updateParentProgress
FNDA:0,(anonymous_22)
FNDA:0,(anonymous_23)
FNDA:0,(anonymous_24)
FNDA:0,(anonymous_25)
FNDA:0,(anonymous_26)
DA:2,0
DA:3,0
DA:4,0
DA:13,0
DA:14,0
DA:15,0
DA:18,0
DA:19,0
DA:21,0
DA:22,0
DA:23,0
DA:24,0
DA:25,0
DA:28,0
DA:29,0
DA:30,0
DA:32,0
DA:33,0
DA:34,0
DA:35,0
DA:36,0
DA:38,0
DA:39,0
DA:43,0
DA:44,0
DA:49,0
DA:64,0
DA:66,0
DA:73,0
DA:74,0
DA:75,0
DA:79,0
DA:87,0
DA:88,0
DA:91,0
DA:92,0
DA:94,0
DA:96,0
DA:101,0
DA:110,0
DA:111,0
DA:112,0
DA:115,0
DA:116,0
DA:118,0
DA:119,0
DA:124,0
DA:126,0
DA:127,0
DA:128,0
DA:129,0
DA:130,0
DA:131,0
DA:135,0
DA:136,0
DA:140,0
DA:143,0
DA:149,0
DA:151,0
DA:152,0
DA:154,0
DA:155,0
DA:157,0
DA:158,0
DA:159,0
DA:160,0
DA:162,0
DA:166,0
DA:175,0
DA:176,0
DA:177,0
DA:179,0
DA:183,0
DA:186,0
DA:189,0
DA:190,0
DA:191,0
DA:192,0
DA:199,0
DA:201,0
DA:202,0
DA:209,0
DA:210,0
DA:211,0
DA:212,0
DA:215,0
DA:220,0
DA:223,0
DA:224,0
DA:225,0
DA:226,0
DA:233,0
DA:235,0
DA:236,0
DA:243,0
DA:244,0
DA:245,0
DA:251,0
DA:252,0
DA:254,0
DA:257,0
DA:266,0
DA:267,0
DA:268,0
DA:270,0
DA:272,0
DA:273,0
DA:274,0
DA:275,0
DA:276,0
DA:277,0
DA:280,0
DA:281,0
DA:287,0
DA:288,0
DA:290,0
DA:293,0
DA:300,0
DA:301,0
DA:302,0
DA:304,0
DA:305,0
DA:306,0
DA:308,0
DA:311,0
DA:318,0
DA:319,0
DA:320,0
DA:322,0
DA:323,0
DA:324,0
DA:328,0
DA:329,0
DA:330,0
DA:331,0
DA:335,0
DA:336,0
DA:337,0
DA:338,0
DA:339,0
DA:342,0
DA:343,0
DA:344,0
DA:347,0
DA:351,0
DA:355,0
DA:356,0
DA:359,0
DA:360,0
DA:363,0
DA:365,0
DA:372,0
DA:373,0
DA:374,0
DA:375,0
DA:377,0
DA:378,0
DA:379,0
DA:383,0
DA:384,0
DA:385,0
DA:386,0
DA:390,0
DA:391,0
DA:392,0
DA:393,0
DA:394,0
DA:397,0
DA:398,0
DA:399,0
DA:402,0
DA:407,0
DA:408,0
DA:409,0
DA:410,0
DA:414,0
DA:415,0
DA:417,0
DA:419,0
DA:420,0
DA:421,0
DA:425,0
DA:426,0
DA:427,0
DA:428,0
DA:432,0
DA:438,0
DA:441,0
DA:442,0
DA:445,0
DA:447,0
DA:448,0
DA:455,0
DA:456,0
DA:457,0
DA:459,0
DA:460,0
DA:461,0
DA:465,0
DA:466,0
DA:467,0
DA:468,0
DA:469,0
DA:472,0
DA:473,0
DA:474,0
DA:477,0
DA:481,0
DA:485,0
DA:486,0
DA:488,0
DA:494,0
DA:497,0
DA:498,0
DA:501,0
DA:503,0
DA:509,0
DA:510,0
DA:511,0
DA:513,0
DA:514,0
DA:517,0
DA:518,0
DA:519,0
DA:520,0
DA:521,0
DA:524,0
DA:525,0
DA:526,0
DA:528,0
DA:529,0
DA:532,0
DA:533,0
DA:534,0
DA:536,0
DA:539,0
DA:540,0
DA:543,0
DA:544,0
DA:545,0
DA:546,0
DA:547,0
DA:550,0
DA:551,0
DA:553,0
DA:554,0
DA:555,0
DA:556,0
DA:559,0
DA:563,0
DA:564,0
DA:571,0
DA:574,0
DA:575,0
DA:578,0
DA:585,0
DA:586,0
DA:587,0
DA:589,0
DA:591,0
DA:592,0
DA:593,0
DA:596,0
DA:597,0
DA:598,0
DA:602,0
DA:603,0
DA:605,0
DA:606,0
DA:607,0
DA:608,0
DA:609,0
DA:613,0
DA:614,0
DA:616,0
DA:618,0
DA:619,0
DA:620,0
DA:622,0
DA:623,0
DA:624,0
DA:628,0
DA:629,0
DA:630,0
DA:631,0
DA:632,0
DA:633,0
DA:635,0
DA:636,0
DA:641,0
DA:642,0
DA:645,0
DA:659,0
DA:662,0
DA:663,0
DA:665,0
DA:666,0
DA:670,0
LF:298
LH:0
BRDA:21,0,0,0
BRDA:23,1,0,0
BRDA:25,2,0,0
BRDA:25,2,1,0
BRDA:28,3,0,0
BRDA:29,4,0,0
BRDA:29,4,1,0
BRDA:30,5,0,0
BRDA:30,5,1,0
BRDA:33,6,0,0
BRDA:35,7,0,0
BRDA:35,8,0,0
BRDA:35,8,1,0
BRDA:38,9,0,0
BRDA:38,10,0,0
BRDA:38,10,1,0
BRDA:54,11,0,0
BRDA:54,11,1,0
BRDA:57,12,0,0
BRDA:57,12,1,0
BRDA:60,13,0,0
BRDA:60,13,1,0
BRDA:61,14,0,0
BRDA:61,14,1,0
BRDA:66,15,0,0
BRDA:66,15,1,0
BRDA:87,16,0,0
BRDA:94,17,0,0
BRDA:94,17,1,0
BRDA:94,18,0,0
BRDA:94,18,1,0
BRDA:118,19,0,0
BRDA:118,19,1,0
BRDA:128,20,0,0
BRDA:151,21,0,0
BRDA:154,22,0,0
BRDA:157,23,0,0
BRDA:159,24,0,0
BRDA:159,24,1,0
BRDA:159,25,0,0
BRDA:159,25,1,0
BRDA:159,25,2,0
BRDA:177,26,0,0
BRDA:194,27,0,0
BRDA:194,27,1,0
BRDA:195,28,0,0
BRDA:195,28,1,0
BRDA:202,29,0,0
BRDA:202,29,1,0
BRDA:228,30,0,0
BRDA:228,30,1,0
BRDA:229,31,0,0
BRDA:229,31,1,0
BRDA:236,32,0,0
BRDA:236,32,1,0
BRDA:251,33,0,0
BRDA:251,33,1,0
BRDA:272,34,0,0
BRDA:272,34,1,0
BRDA:273,35,0,0
BRDA:273,35,1,0
BRDA:274,36,0,0
BRDA:274,36,1,0
BRDA:275,37,0,0
BRDA:275,37,1,0
BRDA:276,38,0,0
BRDA:276,38,1,0
BRDA:277,39,0,0
BRDA:277,39,1,0
BRDA:280,40,0,0
BRDA:304,41,0,0
BRDA:304,41,1,0
BRDA:322,42,0,0
BRDA:329,43,0,0
BRDA:335,44,0,0
BRDA:335,45,0,0
BRDA:335,45,1,0
BRDA:338,46,0,0
BRDA:338,46,1,0
BRDA:339,47,0,0
BRDA:339,47,1,0
BRDA:342,48,0,0
BRDA:359,49,0,0
BRDA:377,50,0,0
BRDA:384,51,0,0
BRDA:390,52,0,0
BRDA:390,53,0,0
BRDA:390,53,1,0
BRDA:393,54,0,0
BRDA:393,54,1,0
BRDA:394,55,0,0
BRDA:394,55,1,0
BRDA:397,56,0,0
BRDA:408,57,0,0
BRDA:419,58,0,0
BRDA:419,58,1,0
BRDA:425,59,0,0
BRDA:425,60,0,0
BRDA:425,60,1,0
BRDA:427,61,0,0
BRDA:435,62,0,0
BRDA:435,62,1,0
BRDA:435,63,0,0
BRDA:435,63,1,0
BRDA:441,64,0,0
BRDA:459,65,0,0
BRDA:465,66,0,0
BRDA:465,67,0,0
BRDA:465,67,1,0
BRDA:468,68,0,0
BRDA:468,68,1,0
BRDA:469,69,0,0
BRDA:469,69,1,0
BRDA:472,70,0,0
BRDA:497,71,0,0
BRDA:511,72,0,0
BRDA:514,73,0,0
BRDA:525,74,0,0
BRDA:525,74,1,0
BRDA:539,75,0,0
BRDA:539,75,1,0
BRDA:544,76,0,0
BRDA:544,76,1,0
BRDA:544,76,2,0
BRDA:545,77,0,0
BRDA:547,78,0,0
BRDA:547,78,1,0
BRDA:550,79,0,0
BRDA:551,80,0,0
BRDA:551,80,1,0
BRDA:553,81,0,0
BRDA:553,81,1,0
BRDA:555,82,0,0
BRDA:563,83,0,0
BRDA:563,84,0,0
BRDA:563,84,1,0
BRDA:574,85,0,0
BRDA:591,86,0,0
BRDA:591,87,0,0
BRDA:591,87,1,0
BRDA:596,88,0,0
BRDA:605,89,0,0
BRDA:607,90,0,0
BRDA:609,91,0,0
BRDA:609,91,1,0
BRDA:613,92,0,0
BRDA:613,92,1,0
BRDA:614,93,0,0
BRDA:614,93,1,0
BRDA:622,94,0,0
BRDA:622,95,0,0
BRDA:622,95,1,0
BRDA:628,96,0,0
BRDA:628,97,0,0
BRDA:628,97,1,0
BRDA:630,98,0,0
BRDA:632,99,0,0
BRDA:632,100,0,0
BRDA:632,100,1,0
BRDA:635,101,0,0
BRDA:635,102,0,0
BRDA:635,102,1,0
BRDA:648,103,0,0
BRDA:648,103,1,0
BRDA:649,104,0,0
BRDA:649,104,1,0
BRDA:650,105,0,0
BRDA:650,105,1,0
BRDA:652,106,0,0
BRDA:652,106,1,0
BRDA:653,107,0,0
BRDA:653,107,1,0
BRDA:656,108,0,0
BRDA:656,108,1,0
BRDA:666,109,0,0
BRDA:666,109,1,0
BRF:176
BRH:0
end_of_record
TN:
SF:src/controllers/user.controller.ts
FN:7,(anonymous_1)
FN:19,(anonymous_2)
FNF:2
FNH:0
FNDA:0,(anonymous_1)
FNDA:0,(anonymous_2)
DA:2,0
DA:7,0
DA:8,0
DA:9,0
DA:10,0
DA:12,0
DA:19,0
DA:20,0
DA:21,0
DA:23,0
DA:25,0
DA:26,0
DA:27,0
DA:30,0
DA:37,0
DA:38,0
DA:45,0
DA:48,0
DA:52,0
LF:19
LH:0
BRDA:25,0,0,0
BRDA:37,1,0,0
BRDA:37,1,1,0
BRF:3
BRH:0
end_of_record
TN:
SF:src/middlewares/auth.middleware.ts
FN:9,(anonymous_1)
FN:44,(anonymous_2)
FN:52,(anonymous_3)
FNF:3
FNH:0
FNDA:0,(anonymous_1)
FNDA:0,(anonymous_2)
FNDA:0,(anonymous_3)
DA:1,0
DA:3,0
DA:9,0
DA:12,0
DA:16,0
DA:17,0
DA:19,0
DA:20,0
DA:21,0
DA:24,0
DA:25,0
DA:28,0
DA:30,0
DA:32,0
DA:34,0
DA:35,0
DA:39,0
DA:40,0
DA:44,0
DA:45,0
DA:46,0
DA:48,0
DA:52,0
DA:53,0
DA:54,0
DA:56,0
DA:60,0
LF:27
LH:0
BRDA:12,0,0,0
BRDA:13,1,0,0
BRDA:13,1,1,0
BRDA:19,2,0,0
BRDA:24,3,0,0
BRDA:39,4,0,0
BRDA:45,5,0,0
BRDA:45,5,1,0
BRDA:45,6,0,0
BRDA:45,6,1,0
BRDA:53,7,0,0
BRDA:53,7,1,0
BRDA:53,8,0,0
BRDA:53,8,1,0
BRDA:53,8,2,0
BRF:15
BRH:0
end_of_record
TN:
SF:src/models/project.model.ts
FNF:0
FNH:0
DA:1,0
DA:12,0
DA:42,0
DA:44,0
LF:4
LH:0
BRF:0
BRH:0
end_of_record
TN:
SF:src/models/task.model.ts
FN:111,(anonymous_9)
FN:127,(anonymous_10)
FN:132,(anonymous_11)
FNF:3
FNH:0
FNDA:0,(anonymous_9)
FNDA:0,(anonymous_10)
FNDA:0,(anonymous_11)
DA:1,0
DA:34,0
DA:111,0
DA:112,0
DA:113,0
DA:114,0
DA:115,0
DA:116,0
DA:118,0
DA:119,0
DA:120,0
DA:121,0
DA:122,0
DA:127,0
DA:128,0
DA:129,0
DA:132,0
DA:133,0
DA:134,0
DA:137,0
DA:139,0
LF:21
LH:0
BRDA:112,0,0,0
BRDA:112,0,1,0
BRDA:114,1,0,0
BRDA:115,2,0,0
BRDA:118,3,0,0
BRDA:118,4,0,0
BRDA:118,4,1,0
BRDA:120,5,0,0
BRDA:121,6,0,0
BRF:9
BRH:0
end_of_record
TN:
SF:src/models/user.model.ts
FN:36,(anonymous_10)
FN:40,(anonymous_11)
FNF:2
FNH:0
FNDA:0,(anonymous_10)
FNDA:0,(anonymous_11)
DA:1,0
DA:2,0
DA:12,0
DA:36,0
DA:37,0
DA:40,0
DA:41,0
DA:42,0
DA:45,0
DA:46,0
DA:49,0
DA:51,0
LF:12
LH:0
BRDA:41,0,0,0
BRF:1
BRH:0
end_of_record
TN:
SF:src/routes/auth.routes.ts
FNF:0
FNH:0
DA:1,0
DA:2,0
DA:4,0
DA:6,0
DA:7,0
DA:9,0
LF:6
LH:0
BRF:0
BRH:0
end_of_record
TN:
SF:src/routes/project.routes.ts
FNF:0
FNH:0
DA:1,0
DA:2,0
DA:3,0
DA:5,0
DA:10,0
DA:14,0
DA:19,0
LF:7
LH:0
BRF:0
BRH:0
end_of_record
TN:
SF:src/routes/task.routes.ts
FNF:0
FNH:0
DA:1,0
DA:2,0
DA:3,0
DA:5,0
DA:7,0
DA:11,0
DA:12,0
DA:14,0
DA:20,0
DA:21,0
DA:22,0
DA:24,0
LF:12
LH:0
BRF:0
BRH:0
end_of_record
TN:
SF:src/routes/user.routes.ts
FNF:0
FNH:0
DA:1,0
DA:2,0
DA:3,0
DA:5,0
DA:7,0
DA:8,0
DA:10,0
LF:7
LH:0
BRF:0
BRH:0
end_of_record
TN:
SF:src/utils/generateToken.ts
FN:3,(anonymous_1)
FNF:1
FNH:0
FNDA:0,(anonymous_1)
DA:1,0
DA:3,0
DA:4,0
DA:9,0
LF:4
LH:0
BRDA:4,0,0,0
BRDA:4,0,1,0
BRF:2
BRH:0
end_of_record
TN:
SF:src/utils/predictiveEngine.ts
FN:28,(anonymous_0)
FN:36,(anonymous_1)
FN:47,(anonymous_2)
FN:55,(anonymous_3)
FN:76,(anonymous_4)
FN:121,(anonymous_5)
FN:139,(anonymous_6)
FN:150,(anonymous_7)
FN:195,(anonymous_8)
FN:208,(anonymous_9)
FN:217,(anonymous_10)
FN:233,(anonymous_11)
FN:256,(anonymous_12)
FN:276,(anonymous_13)
FN:279,(anonymous_14)
FN:290,(anonymous_15)
FN:314,(anonymous_16)
FN:328,(anonymous_17)
FN:331,(anonymous_18)
FN:350,(anonymous_19)
FN:360,(anonymous_20)
FN:377,(anonymous_21)
FN:383,(anonymous_22)
FNF:23
FNH:18
FNDA:9,(anonymous_0)
FNDA:0,(anonymous_1)
FNDA:29,(anonymous_2)
FNDA:6,(anonymous_3)
FNDA:4,(anonymous_4)
FNDA:8,(anonymous_5)
FNDA:1,(anonymous_6)
FNDA:1,(anonymous_7)
FNDA:5,(anonymous_8)
FNDA:5,(anonymous_9)
FNDA:7,(anonymous_10)
FNDA:10,(anonymous_11)
FNDA:2,(anonymous_12)
FNDA:12,(anonymous_13)
FNDA:1,(anonymous_14)
FNDA:1,(anonymous_15)
FNDA:0,(anonymous_16)
FNDA:0,(anonymous_17)
FNDA:0,(anonymous_18)
FNDA:0,(anonymous_19)
FNDA:1,(anonymous_20)
FNDA:4,(anonymous_21)
FNDA:7,(anonymous_22)
DA:26,1
DA:28,1
DA:30,9
DA:31,9
DA:32,9
DA:33,9
DA:36,1
DA:37,0
DA:38,0
DA:39,0
DA:40,0
DA:41,0
DA:44,0
DA:47,1
DA:48,29
DA:49,26
DA:50,6
DA:51,0
DA:52,0
DA:55,1
DA:62,6
DA:63,6
DA:65,6
DA:67,6
DA:68,6
DA:69,6
DA:71,6
DA:72,9
DA:73,9
DA:74,9
DA:76,9
DA:77,4
DA:78,4
DA:79,4
DA:82,9
DA:83,9
DA:85,9
DA:86,7
DA:87,7
DA:88,7
DA:89,7
DA:90,5
DA:91,5
DA:93,7
DA:94,7
DA:95,6
DA:96,6
DA:98,6
DA:99,6
DA:100,6
DA:103,0
DA:104,0
DA:108,9
DA:109,6
DA:112,9
DA:113,3
DA:116,9
DA:118,6
DA:121,1
DA:122,8
DA:136,1
DA:137,1
DA:139,1
DA:143,1
DA:145,0
DA:149,1
DA:150,1
DA:153,1
DA:154,1
DA:156,1
DA:157,1
DA:158,1
DA:160,1
DA:162,1
DA:163,1
DA:164,1
DA:166,1
DA:168,1
DA:169,1
DA:171,1
DA:174,1
DA:175,1
DA:177,1
DA:178,1
DA:181,1
DA:183,1
DA:186,1
DA:189,1
DA:195,1
DA:196,5
DA:197,0
DA:198,0
DA:199,0
DA:200,5
DA:201,0
DA:202,0
DA:208,1
DA:209,5
DA:210,5
DA:211,5
DA:214,5
DA:215,5
DA:217,5
DA:218,7
DA:219,7
DA:220,7
DA:221,7
DA:222,7
DA:223,6
DA:224,6
DA:225,6
DA:230,5
DA:231,5
DA:233,5
DA:234,10
DA:235,7
DA:236,0
DA:239,7
DA:240,7
DA:242,7
DA:245,7
DA:246,7
DA:251,7
DA:253,1
DA:254,1
DA:256,1
DA:257,2
DA:258,2
DA:259,2
DA:262,1
DA:263,1
DA:264,1
DA:266,0
DA:267,0
DA:271,6
DA:272,6
DA:273,6
DA:276,6
DA:277,12
DA:278,12
DA:279,8
DA:280,8
DA:281,8
DA:282,6
DA:284,2
DA:287,6
DA:288,6
DA:290,6
DA:291,1
DA:292,1
DA:293,1
DA:297,6
DA:299,6
DA:300,6
DA:303,6
DA:304,0
DA:305,0
DA:308,6
DA:309,6
DA:310,6
DA:311,6
DA:314,6
DA:315,6
DA:317,6
DA:318,6
DA:319,6
DA:320,1
DA:322,5
DA:325,6
DA:326,6
DA:328,6
DA:329,0
DA:330,0
DA:331,0
DA:332,0
DA:334,0
DA:335,0
DA:338,6
DA:339,0
DA:340,0
DA:341,6
DA:342,0
DA:343,0
DA:345,0
DA:346,0
DA:348,0
DA:349,0
DA:350,0
DA:351,0
DA:352,0
DA:354,0
DA:355,0
DA:356,0
DA:359,6
DA:360,6
DA:361,6
DA:362,6
DA:364,6
DA:365,6
DA:366,6
DA:370,7
DA:371,7
DA:372,7
DA:374,7
DA:377,5
DA:378,4
DA:379,4
DA:380,4
DA:383,7
DA:384,5
LF:210
LH:169
BRDA:37,0,0,0
BRDA:38,1,0,0
BRDA:38,2,0,0
BRDA:38,2,1,0
BRDA:40,3,0,0
BRDA:40,4,0,0
BRDA:40,4,1,0
BRDA:40,4,2,0
BRDA:48,5,0,3
BRDA:49,6,0,20
BRDA:50,7,0,6
BRDA:51,8,0,0
BRDA:65,9,0,0
BRDA:71,10,0,15
BRDA:71,10,1,9
BRDA:73,11,0,9
BRDA:73,11,1,9
BRDA:76,12,0,9
BRDA:76,12,1,0
BRDA:77,13,0,4
BRDA:77,13,1,0
BRDA:78,14,0,4
BRDA:78,14,1,0
BRDA:79,15,0,4
BRDA:79,15,1,4
BRDA:85,16,0,7
BRDA:85,17,0,9
BRDA:85,17,1,7
BRDA:86,18,0,7
BRDA:86,18,1,0
BRDA:89,19,0,5
BRDA:93,20,0,7
BRDA:93,20,1,6
BRDA:94,21,0,6
BRDA:108,22,0,6
BRDA:108,23,0,9
BRDA:108,23,1,6
BRDA:112,24,0,3
BRDA:112,25,0,9
BRDA:112,25,1,6
BRDA:118,26,0,6
BRDA:118,26,1,0
BRDA:143,27,0,0
BRDA:143,28,0,1
BRDA:143,28,1,1
BRDA:160,29,0,0
BRDA:160,30,0,1
BRDA:160,30,1,1
BRDA:166,31,0,0
BRDA:169,32,0,0
BRDA:181,33,0,0
BRDA:181,34,0,1
BRDA:181,34,1,1
BRDA:196,35,0,0
BRDA:196,35,1,0
BRDA:196,35,2,0
BRDA:196,35,3,5
BRDA:196,35,4,0
BRDA:196,35,5,0
BRDA:219,36,0,7
BRDA:222,37,0,6
BRDA:223,38,0,6
BRDA:223,38,1,5
BRDA:234,39,0,3
BRDA:235,40,0,0
BRDA:240,41,0,0
BRDA:245,42,0,7
BRDA:245,42,1,6
BRDA:251,43,0,1
BRDA:251,43,1,6
BRDA:258,44,0,1
BRDA:259,45,0,2
BRDA:262,46,0,1
BRDA:262,46,1,0
BRDA:262,47,0,1
BRDA:262,47,1,1
BRDA:271,48,0,6
BRDA:271,48,1,0
BRDA:272,49,0,6
BRDA:272,49,1,0
BRDA:278,50,0,4
BRDA:279,51,0,8
BRDA:279,51,1,2
BRDA:281,52,0,6
BRDA:292,53,0,1
BRDA:297,54,0,0
BRDA:297,54,1,6
BRDA:299,55,0,6
BRDA:299,56,0,6
BRDA:299,56,1,6
BRDA:300,57,0,0
BRDA:303,58,0,0
BRDA:309,59,0,6
BRDA:309,60,0,6
BRDA:309,60,1,6
BRDA:314,61,0,6
BRDA:314,61,1,6
BRDA:317,62,0,6
BRDA:317,62,1,0
BRDA:319,63,0,1
BRDA:319,63,1,5
BRDA:326,64,0,6
BRDA:326,64,1,6
BRDA:329,65,0,0
BRDA:330,66,0,0
BRDA:334,67,0,0
BRDA:338,68,0,0
BRDA:338,68,1,6
BRDA:338,69,0,6
BRDA:338,69,1,6
BRDA:341,70,0,0
BRDA:341,70,1,6
BRDA:341,71,0,6
BRDA:341,71,1,6
BRDA:345,72,0,0
BRDA:345,72,1,0
BRDA:350,73,0,0
BRDA:350,73,1,0
BRDA:350,74,0,0
BRDA:350,74,1,0
BRDA:351,75,0,0
BRDA:351,75,1,0
BRDA:360,76,0,6
BRDA:360,76,1,0
BRDA:360,77,0,6
BRDA:360,77,1,5
BRDA:361,78,0,6
BRDA:361,78,1,5
BRDA:378,79,0,1
BRDA:378,79,1,3
BRDA:379,80,0,4
BRDA:379,80,1,0
BRF:132
BRH:83
end_of_record
